Fri Apr 01 2022 18:30:20 GMT+0530 (India Standard Time) - GET - /Fri Apr 01 2022 18:45:13 GMT+0530 (India Standard Time) - GET - /Fri Apr 01 2022 18:45:54 GMT+0530 (India Standard Time) - GET - /Fri Apr 01 2022 18:46:27 GMT+0530 (India Standard Time) - GET - /Fri Apr 01 2022 18:46:49 GMT+0530 (India Standard Time) - GET - /Fri Apr 01 2022 18:46:53 GMT+0530 (India Standard Time) - GET - /Fri Apr 01 2022 18:47:15 GMT+0530 (India Standard Time) - GET - /

Fri Apr 01 2022 18:47:43 GMT+0530 (India Standard Time) - GET - /

Fri Apr 01 2022 19:44:49 GMT+0530 (India Standard Time) - GET - /
Fri Apr 01 2022 19:45:14 GMT+0530 (India Standard Time) - GET - /
Fri Apr 01 2022 19:45:39 GMT+0530 (India Standard Time) - GET - /
Fri Apr 01 2022 19:46:35 GMT+0530 (India Standard Time) - GET - /
Fri Apr 01 2022 19:47:02 GMT+0530 (India Standard Time) - GET - /
Fri Apr 01 2022 19:47:15 GMT+0530 (India Standard Time) - GET - /
Fri Apr 01 2022 19:47:21 GMT+0530 (India Standard Time) - GET - /
Fri Apr 01 2022 19:47:48 GMT+0530 (India Standard Time) - GET - /
Fri Apr 01 2022 19:48:27 GMT+0530 (India Standard Time) - POST - /signup
Fri Apr 01 2022 19:48:59 GMT+0530 (India Standard Time) - POST - /signup
Fri Apr 01 2022 19:49:30 GMT+0530 (India Standard Time) - POST - /signup
Fri Apr 01 2022 19:51:11 GMT+0530 (India Standard Time) - POST - /signup
Fri Apr 01 2022 19:51:56 GMT+0530 (India Standard Time) - POST - /signup
Fri Apr 01 2022 19:52:19 GMT+0530 (India Standard Time) - POST - /signup
Fri Apr 01 2022 19:52:27 GMT+0530 (India Standard Time) - POST - /signup
Fri Apr 01 2022 19:52:54 GMT+0530 (India Standard Time) - POST - /signup
Fri Apr 01 2022 19:53:13 GMT+0530 (India Standard Time) - POST - /signup
Fri Apr 01 2022 19:53:22 GMT+0530 (India Standard Time) - POST - /signup
Fri Apr 01 2022 19:53:24 GMT+0530 (India Standard Time) - POST - /signup
Fri Apr 01 2022 19:53:25 GMT+0530 (India Standard Time) - POST - /signup
Fri Apr 01 2022 19:53:26 GMT+0530 (India Standard Time) - POST - /signup
Fri Apr 01 2022 20:35:34 GMT+0530 (India Standard Time) - GET - /getAllUsers
Fri Apr 01 2022 20:36:11 GMT+0530 (India Standard Time) - GET - /users
Fri Apr 01 2022 20:36:36 GMT+0530 (India Standard Time) - GET - /users
Fri Apr 01 2022 20:40:36 GMT+0530 (India Standard Time) - GET - /login
Fri Apr 01 2022 20:40:42 GMT+0530 (India Standard Time) - GET - /login
Fri Apr 01 2022 21:07:58 GMT+0530 (India Standard Time) - POST - /product
Fri Apr 01 2022 21:08:18 GMT+0530 (India Standard Time) - POST - /product
Fri Apr 01 2022 21:10:34 GMT+0530 (India Standard Time) - GET - /product
Fri Apr 01 2022 21:15:35 GMT+0530 (India Standard Time) - POST - /product
Fri Apr 01 2022 21:15:42 GMT+0530 (India Standard Time) - GET - /product
Fri Apr 01 2022 21:18:53 GMT+0530 (India Standard Time) - GET - /product
Fri Apr 01 2022 21:19:23 GMT+0530 (India Standard Time) - POST - /product
Fri Apr 01 2022 21:19:45 GMT+0530 (India Standard Time) - POST - /product
Fri Apr 01 2022 21:19:49 GMT+0530 (India Standard Time) - GET - /product
Fri Apr 01 2022 22:52:44 GMT+0530 (India Standard Time) - GET - /tablets
Fri Apr 01 2022 22:53:59 GMT+0530 (India Standard Time) - GET - /tablets
Fri Apr 01 2022 22:55:57 GMT+0530 (India Standard Time) - GET - /tablets
Fri Apr 01 2022 22:56:43 GMT+0530 (India Standard Time) - GET - /tablets
Fri Apr 01 2022 22:56:53 GMT+0530 (India Standard Time) - GET - /tablets
Fri Apr 01 2022 22:57:00 GMT+0530 (India Standard Time) - GET - /tablets
Fri Apr 01 2022 23:00:29 GMT+0530 (India Standard Time) - GET - /mobiles
Sat Apr 02 2022 11:02:01 GMT+0530 (India Standard Time) - GET - /mobile
Sat Apr 02 2022 11:07:13 GMT+0530 (India Standard Time) - GET - /user/Vaibhav
Sat Apr 02 2022 11:07:42 GMT+0530 (India Standard Time) - DELETE - /user/Vaibhav
Sat Apr 02 2022 11:08:13 GMT+0530 (India Standard Time) - GET - /users
Sat Apr 02 2022 11:08:25 GMT+0530 (India Standard Time) - GET - /users
Sat Apr 02 2022 11:08:26 GMT+0530 (India Standard Time) - GET - /users
Sat Apr 02 2022 11:08:26 GMT+0530 (India Standard Time) - GET - /users
Sat Apr 02 2022 11:08:43 GMT+0530 (India Standard Time) - DELETE - /user/Vaibhav
Sat Apr 02 2022 11:08:56 GMT+0530 (India Standard Time) - GET - /users
Sat Apr 02 2022 11:10:01 GMT+0530 (India Standard Time) - GET - /users
Sat Apr 02 2022 11:10:04 GMT+0530 (India Standard Time) - DELETE - /user/Vaibhav
Sat Apr 02 2022 11:10:08 GMT+0530 (India Standard Time) - GET - /users
Sat Apr 02 2022 11:10:39 GMT+0530 (India Standard Time) - DELETE - /user/Nishant
Sat Apr 02 2022 11:10:44 GMT+0530 (India Standard Time) - GET - /users
Sat Apr 02 2022 12:14:21 GMT+0530 (India Standard Time) - POST - /carts
Sat Apr 02 2022 12:15:33 GMT+0530 (India Standard Time) - POST - /carts
Sat Apr 02 2022 12:16:24 GMT+0530 (India Standard Time) - POST - /carts
Sat Apr 02 2022 12:17:12 GMT+0530 (India Standard Time) - POST - /carts
Sat Apr 02 2022 12:17:27 GMT+0530 (India Standard Time) - GET - /product
Sat Apr 02 2022 12:17:32 GMT+0530 (India Standard Time) - POST - /product
Sat Apr 02 2022 12:17:56 GMT+0530 (India Standard Time) - POST - /product
Sat Apr 02 2022 12:50:14 GMT+0530 (India Standard Time) - GET - /carts
Sat Apr 02 2022 12:52:37 GMT+0530 (India Standard Time) - POST - /product
Sat Apr 02 2022 12:52:39 GMT+0530 (India Standard Time) - POST - /product
Sat Apr 02 2022 12:53:19 GMT+0530 (India Standard Time) - POST - /product
Sat Apr 02 2022 12:53:25 GMT+0530 (India Standard Time) - GET - /mobile
Sat Apr 02 2022 12:53:27 GMT+0530 (India Standard Time) - GET - /mobiles
Sat Apr 02 2022 12:53:34 GMT+0530 (India Standard Time) - GET - /tablets
Sat Apr 02 2022 12:53:41 GMT+0530 (India Standard Time) - POST - /carts
Sat Apr 02 2022 12:53:48 GMT+0530 (India Standard Time) - GET - /carts
Sat Apr 02 2022 13:07:43 GMT+0530 (India Standard Time) - GET - /carts/admin
Sat Apr 02 2022 13:08:03 GMT+0530 (India Standard Time) - GET - /carts/admin
Sat Apr 02 2022 13:08:08 GMT+0530 (India Standard Time) - GET - /carts/admins
Sat Apr 02 2022 13:16:51 GMT+0530 (India Standard Time) - DELETE - /product/Apple%20iPad%20Mini%202
Sat Apr 02 2022 13:17:15 GMT+0530 (India Standard Time) - DELETE - /products/Apple%20iPad%20Mini%202
Sat Apr 02 2022 13:17:25 GMT+0530 (India Standard Time) - GET - /product
Sat Apr 02 2022 13:23:56 GMT+0530 (India Standard Time) - POST - /carts
Sat Apr 02 2022 13:24:09 GMT+0530 (India Standard Time) - POST - /carts
Sat Apr 02 2022 13:30:38 GMT+0530 (India Standard Time) - POST - /carts
Sat Apr 02 2022 13:30:59 GMT+0530 (India Standard Time) - GET - /carts
Sat Apr 02 2022 13:32:09 GMT+0530 (India Standard Time) - POST - /carts
Sat Apr 02 2022 13:33:43 GMT+0530 (India Standard Time) - POST - /carts
Sat Apr 02 2022 13:33:59 GMT+0530 (India Standard Time) - GET - /carts
Sat Apr 02 2022 13:41:35 GMT+0530 (India Standard Time) - POST - /carts
Sat Apr 02 2022 13:42:32 GMT+0530 (India Standard Time) - PUT - /carts/admin
Sat Apr 02 2022 13:43:03 GMT+0530 (India Standard Time) - PUT - /carts/admin
Sat Apr 02 2022 13:43:13 GMT+0530 (India Standard Time) - GET - /carts
Sat Apr 02 2022 13:44:00 GMT+0530 (India Standard Time) - POST - /carts
Sat Apr 02 2022 13:45:16 GMT+0530 (India Standard Time) - PUT - /carts/admin
Sat Apr 02 2022 13:45:55 GMT+0530 (India Standard Time) - PUT - /carts/admin
Sat Apr 02 2022 13:47:27 GMT+0530 (India Standard Time) - PUT - /carts/admin
Sat Apr 02 2022 13:49:08 GMT+0530 (India Standard Time) - PUT - /carts/admin
Sat Apr 02 2022 13:51:37 GMT+0530 (India Standard Time) - PUT - /carts/admin
Sat Apr 02 2022 13:51:49 GMT+0530 (India Standard Time) - PUT - /carts/admin
Sat Apr 02 2022 13:52:14 GMT+0530 (India Standard Time) - PUT - /carts/admin
Sat Apr 02 2022 13:52:59 GMT+0530 (India Standard Time) - PUT - /carts/admin
Sat Apr 02 2022 13:54:10 GMT+0530 (India Standard Time) - POST - /carts
Sat Apr 02 2022 13:58:39 GMT+0530 (India Standard Time) - POST - /carts
Sat Apr 02 2022 14:00:00 GMT+0530 (India Standard Time) - PUT - /carts/admin
Sat Apr 02 2022 14:01:00 GMT+0530 (India Standard Time) - PUT - /carts/admin
Sat Apr 02 2022 14:01:26 GMT+0530 (India Standard Time) - PUT - /carts/admin
Sat Apr 02 2022 14:01:42 GMT+0530 (India Standard Time) - PUT - /carts/admin
Sat Apr 02 2022 14:03:44 GMT+0530 (India Standard Time) - PUT - /carts/admin
Sat Apr 02 2022 14:04:15 GMT+0530 (India Standard Time) - PUT - /carts/admin
Sat Apr 02 2022 14:04:48 GMT+0530 (India Standard Time) - PUT - /carts/admin
Sat Apr 02 2022 14:04:57 GMT+0530 (India Standard Time) - PUT - /carts/admin
Sat Apr 02 2022 14:05:31 GMT+0530 (India Standard Time) - PUT - /carts/admin
Sat Apr 02 2022 14:06:06 GMT+0530 (India Standard Time) - PUT - /carts/admin
Sat Apr 02 2022 14:06:48 GMT+0530 (India Standard Time) - PUT - /carts/admin
Sat Apr 02 2022 14:08:01 GMT+0530 (India Standard Time) - PUT - /carts/admin